[0.007s] Invoking command in '/home/justin/coding_projects/ros2_trajectory_docker/rl_ros/build/rl_ros': /usr/bin/cmake /home/justin/coding_projects/ros2_trajectory_docker/rl_ros/rl_ros -DAMENT_CMAKE_SYMLINK_INSTALL=1 -DCMAKE_INSTALL_PREFIX=/home/justin/coding_projects/ros2_trajectory_docker/rl_ros/install/rl_ros
[0.078s] -- The C compiler identification is GNU 12.3.0
[0.177s] -- The CXX compiler identification is GNU 12.3.0
[0.189s] -- Detecting C compiler ABI info
[0.272s] -- Detecting C compiler ABI info - done
[0.277s] -- Check for working C compiler: /usr/lib/ccache/cc - skipped
[0.278s] -- Detecting C compile features
[0.278s] -- Detecting C compile features - done
[0.281s] -- Detecting CXX compiler ABI info
[0.375s] -- Detecting CXX compiler ABI info - done
[0.382s] -- Check for working CXX compiler: /usr/lib/ccache/c++ - skipped
[0.382s] -- Detecting CXX compile features
[0.383s] -- Detecting CXX compile features - done
[0.393s] -- Configuring incomplete, errors occurred!
[0.393s] See also "/home/justin/coding_projects/ros2_trajectory_docker/rl_ros/build/rl_ros/CMakeFiles/CMakeOutput.log".
[0.393s] [31mCMake Error at CMakeLists.txt:16 (find_package):
[0.393s]   By not providing "Findament_cmake.cmake" in CMAKE_MODULE_PATH this project
[0.393s]   has asked CMake to find a package configuration file provided by
[0.393s]   "ament_cmake", but CMake did not find one.
[0.393s] 
[0.393s]   Could not find a package configuration file provided by "ament_cmake" with
[0.393s]   any of the following names:
[0.393s] 
[0.393s]     ament_cmakeConfig.cmake
[0.393s]     ament_cmake-config.cmake
[0.393s] 
[0.393s]   Add the installation prefix of "ament_cmake" to CMAKE_PREFIX_PATH or set
[0.393s]   "ament_cmake_DIR" to a directory containing one of the above files.  If
[0.393s]   "ament_cmake" provides a separate development package or SDK, be sure it
[0.393s]   has been installed.
[0.393s] 
[0.393s] [0m
[0.395s] Invoked command in '/home/justin/coding_projects/ros2_trajectory_docker/rl_ros/build/rl_ros' returned '1': /usr/bin/cmake /home/justin/coding_projects/ros2_trajectory_docker/rl_ros/rl_ros -DAMENT_CMAKE_SYMLINK_INSTALL=1 -DCMAKE_INSTALL_PREFIX=/home/justin/coding_projects/ros2_trajectory_docker/rl_ros/install/rl_ros
